<?xml version="1.0" encoding="UTF-8"?>
<!-- Generated by org.testng.reporters.JUnitReportReporter -->
<testsuite hostname="Soundarya" failures="0" tests="2" name="learningTestng.testng" time="0.003" errors="0" timestamp="2023-04-25T19:49:22 EDT" skipped="0">
  <testcase classname="learningTestng.testng" name="anbu" time="0.002"/>
  <system-out/>
  <testcase classname="learningTestng.testng" name="method1" time="0.001"/>
  <system-out/>
</testsuite> <!-- learningTestng.testng -->
