<?xml version="1.0" encoding="UTF-8"?>
<!-- Generated by org.testng.reporters.JUnitReportReporter -->
<testsuite hostname="Soundarya" failures="0" tests="1" name="learningTestng.Annotationtest" time="0.001" errors="0" timestamp="2023-04-25T19:49:22 EDT" skipped="0">
  <testcase classname="learningTestng.Annotationtest" name="f" time="0.001"/>
  <system-out/>
</testsuite> <!-- learningTestng.Annotationtest -->
